srun: defined options
srun: -------------------- --------------------
srun: (null)              : p[026-027]
srun: cpus-per-task       : 16
srun: jobid               : 33581845
srun: job-name            : project_lightning.sbatch
srun: mem                 : 10G
srun: nodes               : 2
srun: ntasks              : 2
srun: ntasks-per-node     : 1
srun: verbose             : 1
srun: -------------------- --------------------
srun: end of defined options
srun: jobid 33581845: nodes(2):`p[026-027]', cpu counts: 36(x2)
srun: launch/slurm: launch_p_step_launch: CpuBindType=(null type)
srun: launching StepId=33581845.0 on host p026, 1 tasks: 0
srun: launching StepId=33581845.0 on host p027, 1 tasks: 1
srun: route/default: init: route default plugin loaded
srun: launch/slurm: _task_start: Node p026, 1 tasks started
srun: launch/slurm: _task_start: Node p027, 1 tasks started
Traceback (most recent call last):
  File "src/project_lightning.py", line 59, in <module>
    main(args)
  File "src/project_lightning.py", line 37, in main
    strategy="ddp")
  File "/users/rferraro/msds_hpc_project_ricco_ferraro/project_venv/lib/python3.6/site-packages/pytorch_lightning/trainer/connectors/env_vars_connector.py", line 38, in insert_env_defaults
Traceback (most recent call last):
  File "src/project_lightning.py", line 59, in <module>
    main(args)
  File "src/project_lightning.py", line 37, in main
    strategy="ddp")
  File "/users/rferraro/msds_hpc_project_ricco_ferraro/project_venv/lib/python3.6/site-packages/pytorch_lightning/trainer/connectors/env_vars_connector.py", line 38, in insert_env_defaults
    return fn(self, **kwargs)
  File "/users/rferraro/msds_hpc_project_ricco_ferraro/project_venv/lib/python3.6/site-packages/pytorch_lightning/trainer/trainer.py", line 426, in __init__
    return fn(self, **kwargs)
  File "/users/rferraro/msds_hpc_project_ricco_ferraro/project_venv/lib/python3.6/site-packages/pytorch_lightning/trainer/trainer.py", line 426, in __init__
    gpu_ids, tpu_cores = self._parse_devices(gpus, auto_select_gpus, tpu_cores)
  File "/users/rferraro/msds_hpc_project_ricco_ferraro/project_venv/lib/python3.6/site-packages/pytorch_lightning/trainer/trainer.py", line 1543, in _parse_devices
    gpu_ids, tpu_cores = self._parse_devices(gpus, auto_select_gpus, tpu_cores)
  File "/users/rferraro/msds_hpc_project_ricco_ferraro/project_venv/lib/python3.6/site-packages/pytorch_lightning/trainer/trainer.py", line 1543, in _parse_devices
    gpu_ids = device_parser.parse_gpu_ids(gpus)
  File "/users/rferraro/msds_hpc_project_ricco_ferraro/project_venv/lib/python3.6/site-packages/pytorch_lightning/utilities/device_parser.py", line 89, in parse_gpu_ids
    gpu_ids = device_parser.parse_gpu_ids(gpus)
  File "/users/rferraro/msds_hpc_project_ricco_ferraro/project_venv/lib/python3.6/site-packages/pytorch_lightning/utilities/device_parser.py", line 89, in parse_gpu_ids
    return _sanitize_gpu_ids(gpus)
  File "/users/rferraro/msds_hpc_project_ricco_ferraro/project_venv/lib/python3.6/site-packages/pytorch_lightning/utilities/device_parser.py", line 152, in _sanitize_gpu_ids
    return _sanitize_gpu_ids(gpus)
  File "/users/rferraro/msds_hpc_project_ricco_ferraro/project_venv/lib/python3.6/site-packages/pytorch_lightning/utilities/device_parser.py", line 152, in _sanitize_gpu_ids
    f"You requested GPUs: {gpus}\n But your machine only has: {all_available_gpus}"
pytorch_lightning.utilities.exceptions.MisconfigurationException: You requested GPUs: [0, 1]
 But your machine only has: [0]
    f"You requested GPUs: {gpus}\n But your machine only has: {all_available_gpus}"
pytorch_lightning.utilities.exceptions.MisconfigurationException: You requested GPUs: [0, 1]
 But your machine only has: [0]
srun: launch/slurm: _task_finish: Received task exit notification for 1 task of StepId=33581845.0 (status=0x0100).
srun: error: p027: task 1: Exited with exit code 1
srun: launch/slurm: _task_finish: Received task exit notification for 1 task of StepId=33581845.0 (status=0x0100).
srun: error: p026: task 0: Exited with exit code 1
